  [1m[35m (996.0ms)[0m  [1m[35mCREATE DATABASE "First_Routes_Controllers_development" ENCODING = 'unicode'[0m
  ↳ bin/rails:9
  [1m[35m (343.0ms)[0m  [1m[35mCREATE DATABASE "First_Routes_Controllers_test" ENCODING = 'unicode'[0m
  ↳ bin/rails:9
  [1m[35m (2313.9ms)[0m  [1m[35mCREATE DATABASE "First_Routes_Controllers_development" ENCODING = 'unicode'[0m
  ↳ bin/rails:9
  [1m[35m (1798.0ms)[0m  [1m[35mCREATE DATABASE "First_Routes_Controllers_test" ENCODING = 'unicode'[0m
  ↳ bin/rails:9
Started GET "/" for ::1 at 2021-03-31 14:33:55 -0400
Processing by Rails::WelcomeController#index as HTML
  Rendering /home/sam_qi/.rbenv/versions/2.5.1/lib/ruby/gems/2.5.0/gems/railties-5.2.5/lib/rails/templates/rails/welcome/index.html.erb
  Rendered /home/sam_qi/.rbenv/versions/2.5.1/lib/ruby/gems/2.5.0/gems/railties-5.2.5/lib/rails/templates/rails/welcome/index.html.erb (10.9ms)
Completed 200 OK in 71ms (Views: 43.3ms | ActiveRecord: 0.0ms)


Started GET "/users" for ::1 at 2021-03-31 14:34:51 -0400

AbstractController::ActionNotFound - The action 'index' could not be found for UsersController:

Started GET "/users" for ::1 at 2021-03-31 14:36:31 -0400
Processing by UsersController#index as */*
No template found for UsersController#index, rendering head :no_content
Completed 204 No Content in 126ms (ActiveRecord: 0.0ms)


Started GET "/users" for ::1 at 2021-03-31 14:37:16 -0400
Processing by UsersController#index as */*
  Rendering text template
  Rendered text template (0.0ms)
Completed 200 OK in 11ms (Views: 9.9ms | ActiveRecord: 0.0ms)


Started GET "/users?fav_food=pizza" for ::1 at 2021-03-31 14:39:14 -0400
Processing by UsersController#index as */*
  Parameters: {"fav_food"=>"pizza"}
  Rendering text template
  Rendered text template (0.0ms)
Completed 200 OK in 4ms (Views: 3.6ms | ActiveRecord: 0.0ms)


Started POST "/users" for ::1 at 2021-03-31 14:41:31 -0400

AbstractController::ActionNotFound - The action 'create' could not be found for UsersController:

Started POST "/users" for ::1 at 2021-03-31 14:42:41 -0400
Processing by UsersController#create as */*
  Parameters: {"sam"=>"1"}
Completed 200 OK in 1ms (Views: 0.7ms | ActiveRecord: 0.0ms)


Started POST "/users/2" for ::1 at 2021-03-31 14:43:44 -0400
  
ActionController::RoutingError (No route matches [POST] "/users/2"):
  
actionpack (5.2.5) lib/action_dispatch/middleware/debug_exceptions.rb:65:in `call'
web-console (3.7.0) lib/web_console/middleware.rb:135:in `call_app'
web-console (3.7.0) lib/web_console/middleware.rb:30:in `block in call'
web-console (3.7.0) lib/web_console/middleware.rb:20:in `catch'
web-console (3.7.0) lib/web_console/middleware.rb:20:in `call'
actionpack (5.2.5) lib/action_dispatch/middleware/show_exceptions.rb:33:in `call'
railties (5.2.5) lib/rails/rack/logger.rb:38:in `call_app'
railties (5.2.5) lib/rails/rack/logger.rb:26:in `block in call'
activesupport (5.2.5) lib/active_support/tagged_logging.rb:71:in `block in tagged'
activesupport (5.2.5) lib/active_support/tagged_logging.rb:28:in `tagged'
activesupport (5.2.5) lib/active_support/tagged_logging.rb:71:in `tagged'
railties (5.2.5) lib/rails/rack/logger.rb:26:in `call'
sprockets-rails (3.2.2) lib/sprockets/rails/quiet_assets.rb:13:in `call'
actionpack (5.2.5) lib/action_dispatch/middleware/remote_ip.rb:81:in `call'
actionpack (5.2.5) lib/action_dispatch/middleware/request_id.rb:27:in `call'
rack (2.2.3) lib/rack/method_override.rb:24:in `call'
rack (2.2.3) lib/rack/runtime.rb:22:in `call'
activesupport (5.2.5) lib/active_support/cache/strategy/local_cache_middleware.rb:29:in `call'
actionpack (5.2.5) lib/action_dispatch/middleware/executor.rb:14:in `call'
actionpack (5.2.5) lib/action_dispatch/middleware/static.rb:127:in `call'
rack (2.2.3) lib/rack/sendfile.rb:110:in `call'
railties (5.2.5) lib/rails/engine.rb:524:in `call'
puma (3.12.6) lib/puma/configuration.rb:227:in `call'
puma (3.12.6) lib/puma/server.rb:706:in `handle_request'
puma (3.12.6) lib/puma/server.rb:476:in `process_client'
puma (3.12.6) lib/puma/server.rb:334:in `block in run'
puma (3.12.6) lib/puma/thread_pool.rb:135:in `block in spawn_thread'
Started GET "/users/2" for ::1 at 2021-03-31 14:43:57 -0400

AbstractController::ActionNotFound - The action 'show' could not be found for UsersController:

Started GET "/users/2" for ::1 at 2021-03-31 14:44:45 -0400
Processing by UsersController#show as */*
  Parameters: {"sam"=>"1", "id"=>"2"}
Completed 200 OK in 1ms (Views: 0.2ms | ActiveRecord: 0.0ms)


Started GET "/users/1" for ::1 at 2021-03-31 14:45:33 -0400
Processing by UsersController#show as */*
  Parameters: {"sam"=>"1", "id"=>"1"}
Completed 200 OK in 1ms (Views: 0.2ms | ActiveRecord: 0.0ms)


Started GET "/users/1" for ::1 at 2021-03-31 14:47:37 -0400
Processing by UsersController#show as */*
  Parameters: {"sam"=>{"workout"=>"3"}, "id"=>"1"}
Completed 200 OK in 0ms (Views: 0.2ms | ActiveRecord: 0.0ms)


Started GET "/users/1" for ::1 at 2021-03-31 14:48:09 -0400
Processing by UsersController#show as */*
  Parameters: {"sam"=>{"workout"=>"3", "eat"=>"22"}, "id"=>"1"}
Completed 200 OK in 1ms (Views: 0.4ms | ActiveRecord: 0.0ms)


Started GET "/users/1" for ::1 at 2021-03-31 14:48:35 -0400
Processing by UsersController#show as */*
  Parameters: {"sam"=>{"workout"=>"false", "eat"=>"22"}, "id"=>"1"}
Completed 200 OK in 1ms (Views: 0.2ms | ActiveRecord: 0.0ms)


Started GET "/users/1" for ::1 at 2021-03-31 14:48:50 -0400
Processing by UsersController#show as */*
  Parameters: {"sam"=>{"workout"=>"3", "eat"=>"22", "sleep"=>"false"}, "id"=>"1"}
Completed 200 OK in 1ms (Views: 0.3ms | ActiveRecord: 0.0ms)


Started GET "/users/1" for ::1 at 2021-03-31 14:50:41 -0400
Processing by UsersController#show as */*
  Parameters: {"sam"=>{"workout"=>"3", "eat"=>"22", "sleep"=>"false"}, "id"=>"1"}
Completed 200 OK in 1ms (Views: 0.2ms | ActiveRecord: 0.0ms)


Started GET "/users/1" for ::1 at 2021-03-31 14:51:52 -0400

SyntaxError - syntax error, unexpected tSYMBEG, expecting keyword_do or '{' or '('
        render json: params :sam
                            ^:
  app/controllers/users_controller.rb:13:in `'

